# JRE version: OpenJDK Runtime Environment (8.0_212-b04) (build 1.8.0_212-release-1586-b04)
# Java VM: OpenJDK 64-Bit Server VM (25.212-b04 mixed mode windows-amd64 compressed oops)
Heap:
 PSYoungGen      total 454656K, used 294285K [0x00000000e0000000, 0x00000000ff500000, 0x0000000100000000)
  eden space 399360K, 71% used [0x00000000e0000000,0x00000000f1611e80,0x00000000f8600000)
  from space 55296K, 17% used [0x00000000fbf00000,0x00000000fc851780,0x00000000ff500000)
  to   space 56832K, 0% used [0x00000000f8600000,0x00000000f8600000,0x00000000fbd80000)
 ParOldGen       total 332288K, used 219771K [0x00000000a0000000, 0x00000000b4480000, 0x00000000e0000000)
  object space 332288K, 66% used [0x00000000a0000000,0x00000000ad69eea0,0x00000000b4480000)
 Metaspace       used 134572K, capacity 140787K, committed 141096K, reserved 1173504K
  class space    used 16763K, capacity 17906K, committed 17960K, reserved 1048576K
GC Heap History (10 events):
Event: 7655.696 GC heap before
{Heap before GC invocations=72 (full 6):
 PSYoungGen      total 430592K, used 355627K [0x00000000e0000000, 0x00000000ff800000, 0x0000000100000000)
  eden space 349696K, 100% used [0x00000000e0000000,0x00000000f5580000,0x00000000f5580000)
  from space 80896K, 7% used [0x00000000f5580000,0x00000000f5b4aee0,0x00000000fa480000)
  to   space 76800K, 0% used [0x00000000fad00000,0x00000000fad00000,0x00000000ff800000)
 ParOldGen       total 332288K, used 202427K [0x00000000a0000000, 0x00000000b4480000, 0x00000000e0000000)
  object space 332288K, 60% used [0x00000000a0000000,0x00000000ac5aee88,0x00000000b4480000)
 Metaspace       used 134481K, capacity 140649K, committed 140840K, reserved 1171456K
  class space    used 16762K, capacity 17905K, committed 17960K, reserved 1048576K
Event: 7655.712 GC heap after
Heap after GC invocations=72 (full 6):
 PSYoungGen      total 439296K, used 5975K [0x00000000e0000000, 0x00000000ff400000, 0x0000000100000000)
  eden space 366592K, 0% used [0x00000000e0000000,0x00000000e0000000,0x00000000f6600000)
  from space 72704K, 8% used [0x00000000fad00000,0x00000000fb2d5fa8,0x00000000ff400000)
  to   space 72704K, 0% used [0x00000000f6600000,0x00000000f6600000,0x00000000fad00000)
 ParOldGen       total 332288K, used 205067K [0x00000000a0000000, 0x00000000b4480000, 0x00000000e0000000)
  object space 332288K, 61% used [0x00000000a0000000,0x00000000ac842e50,0x00000000b4480000)
 Metaspace       used 134481K, capacity 140649K, committed 140840K, reserved 1171456K
  class space    used 16762K, capacity 17905K, committed 17960K, reserved 1048576K
}
Event: 7658.092 GC heap before
{Heap before GC invocations=73 (full 6):
 PSYoungGen      total 439296K, used 372567K [0x00000000e0000000, 0x00000000ff400000, 0x0000000100000000)
  eden space 366592K, 100% used [0x00000000e0000000,0x00000000f6600000,0x00000000f6600000)
  from space 72704K, 8% used [0x00000000fad00000,0x00000000fb2d5fa8,0x00000000ff400000)
  to   space 72704K, 0% used [0x00000000f6600000,0x00000000f6600000,0x00000000fad00000)
 ParOldGen       total 332288K, used 205067K [0x00000000a0000000, 0x00000000b4480000, 0x00000000e0000000)
  object space 332288K, 61% used [0x00000000a0000000,0x00000000ac842e50,0x00000000b4480000)
 Metaspace       used 134491K, capacity 140649K, committed 140840K, reserved 1171456K
  class space    used 16762K, capacity 17905K, committed 17960K, reserved 1048576K
Event: 7658.164 GC heap after
Heap after GC invocations=73 (full 6):
 PSYoungGen      total 439296K, used 5654K [0x00000000e0000000, 0x00000000ff800000, 0x0000000100000000)
  eden space 366592K, 0% used [0x00000000e0000000,0x00000000e0000000,0x00000000f6600000)
  from space 72704K, 7% used [0x00000000f6600000,0x00000000f6b85a50,0x00000000fad00000)
  to   space 68608K, 0% used [0x00000000fb500000,0x00000000fb500000,0x00000000ff800000)
 ParOldGen       total 332288K, used 209934K [0x00000000a0000000, 0x00000000b4480000, 0x00000000e0000000)
  object space 332288K, 63% used [0x00000000a0000000,0x00000000acd03a00,0x00000000b4480000)
 Metaspace       used 134491K, capacity 140649K, committed 140840K, reserved 1171456K
  class space    used 16762K, capacity 17905K, committed 17960K, reserved 1048576K
}
Event: 7660.320 GC heap before
{Heap before GC invocations=74 (full 6):
 PSYoungGen      total 439296K, used 372246K [0x00000000e0000000, 0x00000000ff800000, 0x0000000100000000)
  eden space 366592K, 100% used [0x00000000e0000000,0x00000000f6600000,0x00000000f6600000)
  from space 72704K, 7% used [0x00000000f6600000,0x00000000f6b85a50,0x00000000fad00000)
  to   space 68608K, 0% used [0x00000000fb500000,0x00000000fb500000,0x00000000ff800000)
 ParOldGen       total 332288K, used 209934K [0x00000000a0000000, 0x00000000b4480000, 0x00000000e0000000)
  object space 332288K, 63% used [0x00000000a0000000,0x00000000acd03a00,0x00000000b4480000)
 Metaspace       used 134493K, capacity 140649K, committed 140840K, reserved 1171456K
  class space    used 16762K, capacity 17905K, committed 17960K, reserved 1048576K
Event: 7660.395 GC heap after
Heap after GC invocations=74 (full 6):
 PSYoungGen      total 446464K, used 10348K [0x00000000e0000000, 0x00000000ff300000, 0x0000000100000000)
  eden space 382976K, 0% used [0x00000000e0000000,0x00000000e0000000,0x00000000f7600000)
  from space 63488K, 16% used [0x00000000fb500000,0x00000000fbf1b250,0x00000000ff300000)
  to   space 64000K, 0% used [0x00000000f7600000,0x00000000f7600000,0x00000000fb480000)
 ParOldGen       total 332288K, used 213352K [0x00000000a0000000, 0x00000000b4480000, 0x00000000e0000000)
  object space 332288K, 64% used [0x00000000a0000000,0x00000000ad05a000,0x00000000b4480000)
 Metaspace       used 134493K, capacity 140649K, committed 140840K, reserved 1171456K
  class space    used 16762K, capacity 17905K, committed 17960K, reserved 1048576K
}
Event: 7662.648 GC heap before
{Heap before GC invocations=75 (full 6):
 PSYoungGen      total 446464K, used 393324K [0x00000000e0000000, 0x00000000ff300000, 0x0000000100000000)
  eden space 382976K, 100% used [0x00000000e0000000,0x00000000f7600000,0x00000000f7600000)
  from space 63488K, 16% used [0x00000000fb500000,0x00000000fbf1b250,0x00000000ff300000)
  to   space 64000K, 0% used [0x00000000f7600000,0x00000000f7600000,0x00000000fb480000)
 ParOldGen       total 332288K, used 213352K [0x00000000a0000000, 0x00000000b4480000, 0x00000000e0000000)
  object space 332288K, 64% used [0x00000000a0000000,0x00000000ad05a000,0x00000000b4480000)
 Metaspace       used 134499K, capacity 140651K, committed 140840K, reserved 1171456K
  class space    used 16762K, capacity 17906K, committed 17960K, reserved 1048576K
Event: 7662.661 GC heap after
Heap after GC invocations=75 (full 6):
 PSYoungGen      total 446976K, used 3648K [0x00000000e0000000, 0x00000000ffa80000, 0x0000000100000000)
  eden space 382976K, 0% used [0x00000000e0000000,0x00000000e0000000,0x00000000f7600000)
  from space 64000K, 5% used [0x00000000f7600000,0x00000000f7990010,0x00000000fb480000)
  to   space 60928K, 0% used [0x00000000fbf00000,0x00000000fbf00000,0x00000000ffa80000)
 ParOldGen       total 332288K, used 218830K [0x00000000a0000000, 0x00000000b4480000, 0x00000000e0000000)
  object space 332288K, 65% used [0x00000000a0000000,0x00000000ad5b3838,0x00000000b4480000)
 Metaspace       used 134499K, capacity 140651K, committed 140840K, reserved 1171456K
  class space    used 16762K, capacity 17906K, committed 17960K, reserved 1048576K
}
Event: 7666.190 GC heap before
{Heap before GC invocations=76 (full 6):
 PSYoungGen      total 446976K, used 386624K [0x00000000e0000000, 0x00000000ffa80000, 0x0000000100000000)
  eden space 382976K, 100% used [0x00000000e0000000,0x00000000f7600000,0x00000000f7600000)
  from space 64000K, 5% used [0x00000000f7600000,0x00000000f7990010,0x00000000fb480000)
  to   space 60928K, 0% used [0x00000000fbf00000,0x00000000fbf00000,0x00000000ffa80000)
 ParOldGen       total 332288K, used 218830K [0x00000000a0000000, 0x00000000b4480000, 0x00000000e0000000)
  object space 332288K, 65% used [0x00000000a0000000,0x00000000ad5b3838,0x00000000b4480000)
 Metaspace       used 134558K, capacity 140787K, committed 141096K, reserved 1173504K
  class space    used 16762K, capacity 17906K, committed 17960K, reserved 1048576K
Event: 7666.216 GC heap after
Heap after GC invocations=76 (full 6):
 PSYoungGen      total 454656K, used 9541K [0x00000000e0000000, 0x00000000ff500000, 0x0000000100000000)
  eden space 399360K, 0% used [0x00000000e0000000,0x00000000e0000000,0x00000000f8600000)
  from space 55296K, 17% used [0x00000000fbf00000,0x00000000fc851780,0x00000000ff500000)
  to   space 56832K, 0% used [0x00000000f8600000,0x00000000f8600000,0x00000000fbd80000)
 ParOldGen       total 332288K, used 219771K [0x00000000a0000000, 0x00000000b4480000, 0x00000000e0000000)
  object space 332288K, 66% used [0x00000000a0000000,0x00000000ad69eea0,0x00000000b4480000)
 Metaspace       used 134558K, capacity 140787K, committed 141096K, reserved 1173504K
  class space    used 16762K, capacity 17906K, committed 17960K, reserved 1048576K
}

